<?xml version="1.0" encoding="UTF-8" ?>
<testsuites name="vitest tests" tests="1" failures="0" errors="0" time="0.0051644001">
    <testsuite name="src/App.test.js" timestamp="2025-09-13T18:51:19.360Z" hostname="HareKrishna" tests="1" failures="0" errors="0" skipped="0" time="0.0051644001">
        <testcase classname="src/App.test.js" name="Simple test &gt; adds numbers correctly" time="0.0026747">
        </testcase>
    </testsuite>
</testsuites>
